actionid: py34
msg: getenv
cmdargs: [local('/home/sebastian/Development/pywebtasks/.tox/py34/bin/pip'), 'install', '-rrequirements-dev.txt']
env: {'VIRTUAL_ENV': '/home/sebastian/Development/pywebtasks/.tox/py34', 'TMPDIR': '/tmp/user/1000', 'PYTHONHASHSEED': '3671707128', 'PYTHONWARNINGS': 'all', 'PATH': '/home/sebastian/Development/pywebtasks/.tox/py34/bin:/home/sebastian/Development/.virtualenvs/pywebtasks/bin:/home/sebastian/Development/go/bin:/home/sebastian/.gvm/pkgsets/go1.4.2/global/bin:/home/sebastian/.gvm/gos/go1.4.2/bin:/home/sebastian/.gvm/pkgsets/go1.4.2/global/overlay/bin:/home/sebastian/.gvm/bin:/home/sebastian/.gvm/bin:/home/sebastian/.pyenv/shims:/home/sebastian/.pyenv/bin:/home/sebastian/.cabal/bin:/usr/local/heroku/bin:/opt/texbin:/home/sebastian/Android/sdk/platform-tools:/home/sebastian/Android/sdk/tools:/home/sebastian/npm/bin:/home/sebastian/.rbenv/plugins/ruby-build/bin:/home/sebastian/.rbenv/shims:/home/sebastian/.rbenv/bin:/usr/local/sbin:/usr/local/bin:/usr/sbin:/usr/bin:/sbin:/bin:/usr/games:/usr/local/games:/home/sebastian/npm/bin'}

Collecting requests~=2.7.0 (from -r requirements.txt (line 1))
  Using cached requests-2.7.0-py2.py3-none-any.whl
Collecting ipython[all]~=3.1.0 (from -r requirements-dev.txt (line 2))
  Using cached ipython-3.1.0-py3-none-any.whl
Collecting pytest~=2.7.1 (from -r requirements-dev.txt (line 3))
  Using cached pytest-2.7.1-py2.py3-none-any.whl
Collecting tox~=2.0.1 (from -r requirements-dev.txt (line 4))
  Using cached tox-2.0.1-py2.py3-none-any.whl
Collecting mistune>=0.3.1 (from ipython[all]~=3.1.0->-r requirements-dev.txt (line 2))
  Using cached mistune-0.5.1-py2.py3-none-any.whl
Collecting jsonschema>=2.0 (from ipython[all]~=3.1.0->-r requirements-dev.txt (line 2))
  Using cached jsonschema-2.4.0-py2.py3-none-any.whl
Collecting nose>=0.10.1 (from ipython[all]~=3.1.0->-r requirements-dev.txt (line 2))
  Using cached nose-1.3.6-py3-none-any.whl
Collecting numpydoc (from ipython[all]~=3.1.0->-r requirements-dev.txt (line 2))
Collecting jinja2 (from ipython[all]~=3.1.0->-r requirements-dev.txt (line 2))
Collecting tornado>=4.0 (from ipython[all]~=3.1.0->-r requirements-dev.txt (line 2))
Collecting Sphinx>=1.1 (from ipython[all]~=3.1.0->-r requirements-dev.txt (line 2))
  Using cached Sphinx-1.3.1-py2.py3-none-any.whl
Collecting pygments (from ipython[all]~=3.1.0->-r requirements-dev.txt (line 2))
  Using cached Pygments-2.0.2-py3-none-any.whl
Collecting pyzmq>=13 (from ipython[all]~=3.1.0->-r requirements-dev.txt (line 2))
Collecting terminado>=0.3.3 (from ipython[all]~=3.1.0->-r requirements-dev.txt (line 2))
Collecting py>=1.4.25 (from pytest~=2.7.1->-r requirements-dev.txt (line 3))
  Using cached py-1.4.27-py2.py3-none-any.whl
Collecting virtualenv>=1.11.2 (from tox~=2.0.1->-r requirements-dev.txt (line 4))
  Using cached virtualenv-13.0.1-py2.py3-none-any.whl
Collecting pluggy<0.4.0,>=0.3.0 (from tox~=2.0.1->-r requirements-dev.txt (line 4))
  Using cached pluggy-0.3.0-py2.py3-none-any.whl
Collecting markupsafe (from jinja2->ipython[all]~=3.1.0->-r requirements-dev.txt (line 2))
Collecting certifi (from tornado>=4.0->ipython[all]~=3.1.0->-r requirements-dev.txt (line 2))
  Using cached certifi-2015.04.28-py2.py3-none-any.whl
Collecting babel>=1.3 (from Sphinx>=1.1->ipython[all]~=3.1.0->-r requirements-dev.txt (line 2))
Collecting alabaster<0.8,>=0.7 (from Sphinx>=1.1->ipython[all]~=3.1.0->-r requirements-dev.txt (line 2))
Collecting snowballstemmer>=1.1 (from Sphinx>=1.1->ipython[all]~=3.1.0->-r requirements-dev.txt (line 2))
Collecting docutils>=0.11 (from Sphinx>=1.1->ipython[all]~=3.1.0->-r requirements-dev.txt (line 2))
  Using cached docutils-0.12-py3-none-any.whl
Collecting sphinx-rtd-theme<0.2,>=0.1 (from Sphinx>=1.1->ipython[all]~=3.1.0->-r requirements-dev.txt (line 2))
  Using cached sphinx_rtd_theme-0.1.8-py2.py3-none-any.whl
Collecting six>=1.4 (from Sphinx>=1.1->ipython[all]~=3.1.0->-r requirements-dev.txt (line 2))
  Using cached six-1.9.0-py2.py3-none-any.whl
Collecting ptyprocess (from terminado>=0.3.3->ipython[all]~=3.1.0->-r requirements-dev.txt (line 2))
Collecting pytz>=0a (from babel>=1.3->Sphinx>=1.1->ipython[all]~=3.1.0->-r requirements-dev.txt (line 2))
  Using cached pytz-2015.4-py2.py3-none-any.whl
Installing collected packages: requests, mistune, jsonschema, nose, numpydoc, markupsafe, jinja2, certifi, tornado, pytz, babel, alabaster, snowballstemmer, pygments, docutils, sphinx-rtd-theme, six, Sphinx, pyzmq, ptyprocess, terminado, ipython, py, pytest, virtualenv, pluggy, tox
Successfully installed Sphinx-1.3.1 alabaster-0.7.4 babel-1.3 certifi-2015.4.28 docutils-0.12 ipython-3.1.0 jinja2-2.7.3 jsonschema-2.4.0 markupsafe-0.23 mistune-0.5.1 nose-1.3.6 numpydoc-0.5 pluggy-0.3.0 ptyprocess-0.5 py-1.4.27 pygments-2.0.2 pytest-2.7.1 pytz-2015.4 pyzmq-14.6.0 requests-2.7.0 six-1.9.0 snowballstemmer-1.2.0 sphinx-rtd-theme-0.1.8 terminado-0.5 tornado-4.1 tox-2.0.1 virtualenv-13.0.1
/home/sebastian/Development/pywebtasks/.tox/py34/lib/python3.4/imp.py:32: PendingDeprecationWarning: the imp module is deprecated in favour of importlib; see the module's documentation for alternative uses
  PendingDeprecationWarning)
/home/sebastian/Development/pywebtasks/.tox/py34/lib/python3.4/site-packages/pip/wheel.py:224: DeprecationWarning: This method will be removed in future versions.  Use 'parser.read_file()' instead.
  cp.readfp(data)
/home/sebastian/Development/pywebtasks/.tox/py34/lib/python3.4/site-packages/pip/wheel.py:224: DeprecationWarning: This method will be removed in future versions.  Use 'parser.read_file()' instead.
  cp.readfp(data)
/home/sebastian/Development/pywebtasks/.tox/py34/lib/python3.4/site-packages/pip/wheel.py:224: DeprecationWarning: This method will be removed in future versions.  Use 'parser.read_file()' instead.
  cp.readfp(data)
/home/sebastian/Development/pywebtasks/.tox/py34/lib/python3.4/site-packages/pip/wheel.py:224: DeprecationWarning: This method will be removed in future versions.  Use 'parser.read_file()' instead.
  cp.readfp(data)
/home/sebastian/Development/pywebtasks/.tox/py34/lib/python3.4/site-packages/pip/wheel.py:224: DeprecationWarning: This method will be removed in future versions.  Use 'parser.read_file()' instead.
  cp.readfp(data)
/home/sebastian/Development/pywebtasks/.tox/py34/lib/python3.4/site-packages/pip/wheel.py:224: DeprecationWarning: This method will be removed in future versions.  Use 'parser.read_file()' instead.
  cp.readfp(data)
/home/sebastian/Development/pywebtasks/.tox/py34/lib/python3.4/site-packages/pip/wheel.py:224: DeprecationWarning: This method will be removed in future versions.  Use 'parser.read_file()' instead.
  cp.readfp(data)
/home/sebastian/Development/pywebtasks/.tox/py34/lib/python3.4/site-packages/pip/wheel.py:224: DeprecationWarning: This method will be removed in future versions.  Use 'parser.read_file()' instead.
  cp.readfp(data)
/home/sebastian/Development/pywebtasks/.tox/py34/lib/python3.4/site-packages/pip/wheel.py:224: DeprecationWarning: This method will be removed in future versions.  Use 'parser.read_file()' instead.
  cp.readfp(data)
/home/sebastian/Development/pywebtasks/.tox/py34/lib/python3.4/site-packages/pip/wheel.py:224: DeprecationWarning: This method will be removed in future versions.  Use 'parser.read_file()' instead.
  cp.readfp(data)
