actionid: py27
msg: getenv
cmdargs: [local('/home/sebastian/Development/pywebtasks/.tox/py27/bin/pip'), 'install', '-rrequirements-dev.txt']
env: {'VIRTUAL_ENV': '/home/sebastian/Development/pywebtasks/.tox/py27', 'TMPDIR': '/tmp/user/1000', 'PYTHONHASHSEED': '3671707128', 'PYTHONWARNINGS': 'all', 'PATH': '/home/sebastian/Development/pywebtasks/.tox/py27/bin:/home/sebastian/Development/.virtualenvs/pywebtasks/bin:/home/sebastian/Development/go/bin:/home/sebastian/.gvm/pkgsets/go1.4.2/global/bin:/home/sebastian/.gvm/gos/go1.4.2/bin:/home/sebastian/.gvm/pkgsets/go1.4.2/global/overlay/bin:/home/sebastian/.gvm/bin:/home/sebastian/.gvm/bin:/home/sebastian/.pyenv/shims:/home/sebastian/.pyenv/bin:/home/sebastian/.cabal/bin:/usr/local/heroku/bin:/opt/texbin:/home/sebastian/Android/sdk/platform-tools:/home/sebastian/Android/sdk/tools:/home/sebastian/npm/bin:/home/sebastian/.rbenv/plugins/ruby-build/bin:/home/sebastian/.rbenv/shims:/home/sebastian/.rbenv/bin:/usr/local/sbin:/usr/local/bin:/usr/sbin:/usr/bin:/sbin:/bin:/usr/games:/usr/local/games:/home/sebastian/npm/bin'}

Collecting requests~=2.7.0 (from -r requirements.txt (line 1))
  Using cached requests-2.7.0-py2.py3-none-any.whl
Collecting ipython[all]~=3.1.0 (from -r requirements-dev.txt (line 2))
  Using cached ipython-3.1.0-py2-none-any.whl
Collecting pytest~=2.7.1 (from -r requirements-dev.txt (line 3))
  Using cached pytest-2.7.1-py2.py3-none-any.whl
Collecting tox~=2.0.1 (from -r requirements-dev.txt (line 4))
  Using cached tox-2.0.1-py2.py3-none-any.whl
Collecting terminado>=0.3.3 (from ipython[all]~=3.1.0->-r requirements-dev.txt (line 2))
  Using cached terminado-0.5.tar.gz
Collecting mistune>=0.5 (from ipython[all]~=3.1.0->-r requirements-dev.txt (line 2))
  Using cached mistune-0.5.1-py2.py3-none-any.whl
Collecting jinja2 (from ipython[all]~=3.1.0->-r requirements-dev.txt (line 2))
  Using cached Jinja2-2.7.3.tar.gz
Collecting numpydoc (from ipython[all]~=3.1.0->-r requirements-dev.txt (line 2))
  Using cached numpydoc-0.5.tar.gz
Collecting nose>=0.10.1 (from ipython[all]~=3.1.0->-r requirements-dev.txt (line 2))
  Using cached nose-1.3.6-py2-none-any.whl
Collecting tornado>=4.0 (from ipython[all]~=3.1.0->-r requirements-dev.txt (line 2))
  Using cached tornado-4.1.tar.gz
Collecting pyzmq>=13 (from ipython[all]~=3.1.0->-r requirements-dev.txt (line 2))
  Using cached pyzmq-14.6.0.tar.gz
Collecting jsonschema>=2.0 (from ipython[all]~=3.1.0->-r requirements-dev.txt (line 2))
  Using cached jsonschema-2.4.0-py2.py3-none-any.whl
Collecting pygments (from ipython[all]~=3.1.0->-r requirements-dev.txt (line 2))
  Using cached Pygments-2.0.2-py2-none-any.whl
Collecting Sphinx>=1.1 (from ipython[all]~=3.1.0->-r requirements-dev.txt (line 2))
  Using cached Sphinx-1.3.1-py2.py3-none-any.whl
Collecting py>=1.4.25 (from pytest~=2.7.1->-r requirements-dev.txt (line 3))
  Using cached py-1.4.27-py2.py3-none-any.whl
Collecting pluggy<0.4.0,>=0.3.0 (from tox~=2.0.1->-r requirements-dev.txt (line 4))
  Using cached pluggy-0.3.0-py2.py3-none-any.whl
Collecting virtualenv>=1.11.2 (from tox~=2.0.1->-r requirements-dev.txt (line 4))
  Using cached virtualenv-13.0.1-py2.py3-none-any.whl
Collecting ptyprocess (from terminado>=0.3.3->ipython[all]~=3.1.0->-r requirements-dev.txt (line 2))
  Using cached ptyprocess-0.5.tar.gz
Collecting markupsafe (from jinja2->ipython[all]~=3.1.0->-r requirements-dev.txt (line 2))
  Using cached MarkupSafe-0.23.tar.gz
Collecting certifi (from tornado>=4.0->ipython[all]~=3.1.0->-r requirements-dev.txt (line 2))
  Using cached certifi-2015.04.28-py2.py3-none-any.whl
Collecting backports.ssl-match-hostname (from tornado>=4.0->ipython[all]~=3.1.0->-r requirements-dev.txt (line 2))
  Using cached backports.ssl_match_hostname-3.4.0.2.tar.gz
Collecting snowballstemmer>=1.1 (from Sphinx>=1.1->ipython[all]~=3.1.0->-r requirements-dev.txt (line 2))
  Using cached snowballstemmer-1.2.0.tar.gz
Collecting babel>=1.3 (from Sphinx>=1.1->ipython[all]~=3.1.0->-r requirements-dev.txt (line 2))
  Using cached Babel-1.3.tar.gz
Collecting six>=1.4 (from Sphinx>=1.1->ipython[all]~=3.1.0->-r requirements-dev.txt (line 2))
  Using cached six-1.9.0-py2.py3-none-any.whl
Collecting sphinx-rtd-theme<0.2,>=0.1 (from Sphinx>=1.1->ipython[all]~=3.1.0->-r requirements-dev.txt (line 2))
  Using cached sphinx_rtd_theme-0.1.8-py2.py3-none-any.whl
Collecting docutils>=0.11 (from Sphinx>=1.1->ipython[all]~=3.1.0->-r requirements-dev.txt (line 2))
  Using cached docutils-0.12.tar.gz
Collecting alabaster<0.8,>=0.7 (from Sphinx>=1.1->ipython[all]~=3.1.0->-r requirements-dev.txt (line 2))
  Using cached alabaster-0.7.4-py2-none-any.whl
Collecting pytz>=0a (from babel>=1.3->Sphinx>=1.1->ipython[all]~=3.1.0->-r requirements-dev.txt (line 2))
  Using cached pytz-2015.4-py2.py3-none-any.whl
Building wheels for collected packages: terminado, jinja2, numpydoc, tornado, pyzmq, ptyprocess, markupsafe, backports.ssl-match-hostname, snowballstemmer, babel, docutils
  Running setup.py bdist_wheel for terminado
  Stored in directory: /home/sebastian/.cache/pip/wheels/f9/7c/62/fe686f920ed9fbc013e631a5415ec3162602b31e762595e3fe
  Running setup.py bdist_wheel for jinja2
  Stored in directory: /home/sebastian/.cache/pip/wheels/b3/c0/62/8908d15b90a7de8bd15e2e6e5f5ba1398c0d9940d62a6bf8f5
  Running setup.py bdist_wheel for numpydoc
  Stored in directory: /home/sebastian/.cache/pip/wheels/f9/82/3a/3699c7ff3c798b5a468d13672f28374308f904d8ed53b63252
  Running setup.py bdist_wheel for tornado
  Stored in directory: /home/sebastian/.cache/pip/wheels/72/db/95/2886cdf43b8919ddcfa983ecb320c27e3cac9c3e7010835c50
  Running setup.py bdist_wheel for pyzmq
  Stored in directory: /home/sebastian/.cache/pip/wheels/0b/0f/fb/6522f8101f3f7fec09a1ef9f7565ae6c6fce1c321a61e3cc65
  Running setup.py bdist_wheel for ptyprocess
  Stored in directory: /home/sebastian/.cache/pip/wheels/8f/0b/d5/45ebc79539db587c173a63b42572328136bdb098210767fb80
  Running setup.py bdist_wheel for markupsafe
  Stored in directory: /home/sebastian/.cache/pip/wheels/94/a7/79/f79a998b64c1281cb99fa9bbd33cfc9b8b5775f438218d17a7
  Running setup.py bdist_wheel for backports.ssl-match-hostname
  Stored in directory: /home/sebastian/.cache/pip/wheels/81/3d/36/f3c726a42caed585046d710e0e450bda1075c61c1c43443831
  Running setup.py bdist_wheel for snowballstemmer
  Stored in directory: /home/sebastian/.cache/pip/wheels/26/52/99/e0eb6b825c16715026ef290c13f4a0fbb86f1a5eab51bb10a0
  Running setup.py bdist_wheel for babel
  Stored in directory: /home/sebastian/.cache/pip/wheels/a6/98/fc/9f6a2c4b77c897d15afc91020366da9c3207f7df0943010f00
  Running setup.py bdist_wheel for docutils
  Stored in directory: /home/sebastian/.cache/pip/wheels/d5/32/4f/1347e8ac67071e8150a5dc69354a51a04ac065d0b48334f608
Successfully built terminado jinja2 numpydoc tornado pyzmq ptyprocess markupsafe backports.ssl-match-hostname snowballstemmer babel docutils
Installing collected packages: requests, ptyprocess, certifi, backports.ssl-match-hostname, tornado, terminado, mistune, markupsafe, jinja2, numpydoc, nose, pyzmq, jsonschema, pygments, snowballstemmer, pytz, babel, six, sphinx-rtd-theme, docutils, alabaster, Sphinx, ipython, py, pytest, pluggy, virtualenv, tox
Successfully installed Sphinx-1.3.1 alabaster-0.7.4 babel-1.3 backports.ssl-match-hostname-3.4.0.2 certifi-2015.4.28 docutils-0.12 ipython-3.1.0 jinja2-2.7.3 jsonschema-2.4.0 markupsafe-0.23 mistune-0.5.1 nose-1.3.6 numpydoc-0.5 pluggy-0.3.0 ptyprocess-0.5 py-1.4.27 pygments-2.0.2 pytest-2.7.1 pytz-2015.4 pyzmq-14.6.0 requests-2.7.0 six-1.9.0 snowballstemmer-1.2.0 sphinx-rtd-theme-0.1.8 terminado-0.5 tornado-4.1 tox-2.0.1 virtualenv-13.0.1
