actionid: tox
msg: packaging
cmdargs: ['/home/sebastian/Development/.virtualenvs/pywebtasks/bin/python3', local('/home/sebastian/Development/pywebtasks/setup.py'), 'sdist', '--formats=zip', '--dist-dir', local('/home/sebastian/Development/pywebtasks/.tox/dist')]
env: None

running sdist
running egg_info
writing top-level names to pywebtasks.egg-info/top_level.txt
writing dependency_links to pywebtasks.egg-info/dependency_links.txt
writing pywebtasks.egg-info/PKG-INFO
reading manifest file 'pywebtasks.egg-info/SOURCES.txt'
reading manifest template 'MANIFEST.in'
warning: no files found matching 'AUTHORS.rst'
warning: no files found matching 'CONTRIBUTING.rst'
warning: no files found matching '*' under directory 'tests'
warning: no previously-included files matching '__pycache__' found under directory '*'
warning: no previously-included files matching '*.py[co]' found under directory '*'
warning: no files found matching '*.rst' under directory 'docs'
warning: no files found matching 'conf.py' under directory 'docs'
warning: no files found matching 'Makefile' under directory 'docs'
warning: no files found matching 'make.bat' under directory 'docs'
writing manifest file 'pywebtasks.egg-info/SOURCES.txt'
running check
creating pywebtasks-0.0.2
creating pywebtasks-0.0.2/pywebtasks
creating pywebtasks-0.0.2/pywebtasks.egg-info
making hard links in pywebtasks-0.0.2...
hard linking HISTORY.rst -> pywebtasks-0.0.2
hard linking LICENSE -> pywebtasks-0.0.2
hard linking MANIFEST.in -> pywebtasks-0.0.2
hard linking README.rst -> pywebtasks-0.0.2
hard linking setup.cfg -> pywebtasks-0.0.2
hard linking setup.py -> pywebtasks-0.0.2
hard linking pywebtasks/__init__.py -> pywebtasks-0.0.2/pywebtasks
hard linking pywebtasks/compat.py -> pywebtasks-0.0.2/pywebtasks
hard linking pywebtasks/tokens.py -> pywebtasks-0.0.2/pywebtasks
hard linking pywebtasks/webtasks.py -> pywebtasks-0.0.2/pywebtasks
hard linking pywebtasks.egg-info/PKG-INFO -> pywebtasks-0.0.2/pywebtasks.egg-info
hard linking pywebtasks.egg-info/SOURCES.txt -> pywebtasks-0.0.2/pywebtasks.egg-info
hard linking pywebtasks.egg-info/dependency_links.txt -> pywebtasks-0.0.2/pywebtasks.egg-info
hard linking pywebtasks.egg-info/not-zip-safe -> pywebtasks-0.0.2/pywebtasks.egg-info
hard linking pywebtasks.egg-info/top_level.txt -> pywebtasks-0.0.2/pywebtasks.egg-info
copying setup.cfg -> pywebtasks-0.0.2
Writing pywebtasks-0.0.2/setup.cfg
creating '.tox/dist/pywebtasks-0.0.2.zip' and adding 'pywebtasks-0.0.2' to it
adding 'pywebtasks-0.0.2/PKG-INFO'
adding 'pywebtasks-0.0.2/setup.py'
adding 'pywebtasks-0.0.2/README.rst'
adding 'pywebtasks-0.0.2/LICENSE'
adding 'pywebtasks-0.0.2/HISTORY.rst'
adding 'pywebtasks-0.0.2/MANIFEST.in'
adding 'pywebtasks-0.0.2/setup.cfg'
adding 'pywebtasks-0.0.2/pywebtasks/__init__.py'
adding 'pywebtasks-0.0.2/pywebtasks/webtasks.py'
adding 'pywebtasks-0.0.2/pywebtasks/tokens.py'
adding 'pywebtasks-0.0.2/pywebtasks/compat.py'
adding 'pywebtasks-0.0.2/pywebtasks.egg-info/PKG-INFO'
adding 'pywebtasks-0.0.2/pywebtasks.egg-info/dependency_links.txt'
adding 'pywebtasks-0.0.2/pywebtasks.egg-info/top_level.txt'
adding 'pywebtasks-0.0.2/pywebtasks.egg-info/SOURCES.txt'
adding 'pywebtasks-0.0.2/pywebtasks.egg-info/not-zip-safe'
removing 'pywebtasks-0.0.2' (and everything under it)
